00:40:39.963 [TestNG-tests-4] INFO  academy.ValidateNavigationBarTest - driver is initialized
00:40:40.903 [TestNG-tests-2] INFO  academy.HomePageTest - driver is initialized
00:40:40.942 [TestNG-tests-1] INFO  academy.ValidateTittleTest - driver is initialized
00:40:50.263 [TestNG-tests-4] INFO  academy.ValidateNavigationBarTest - base url is reached
00:40:50.311 [TestNG-tests-1] INFO  academy.ValidateTittleTest - base url is reached
00:40:51.804 [TestNG-tests-2] INFO  academy.HomePageTest - base url is reached
00:41:02.207 [TestNG-tests-4] INFO  academy.ValidateNavigationBarTest - navigation bar is displayed
00:41:05.968 [TestNG-tests-2] INFO  academy.HomePageTest - lucky22@gmail.comisRestricted user
00:41:09.939 [TestNG-tests-2] INFO  academy.HomePageTest - driver is initialized
00:41:14.147 [TestNG-tests-2] INFO  academy.HomePageTest - base url is reached
23:50:47.844 [main] INFO  academy.ValidateTittleTest - driver is initialized
23:50:52.609 [main] INFO  academy.ValidateTittleTest - base url is reached
23:51:03.562 [main] INFO  academy.HomePageTest - driver is initialized
23:51:08.325 [main] INFO  academy.HomePageTest - base url is reached
23:51:15.796 [main] INFO  academy.HomePageTest - lucky22@gmail.comisRestricted user
23:51:17.829 [main] INFO  academy.HomePageTest - driver is initialized
23:51:20.775 [main] INFO  academy.HomePageTest - base url is reached
23:51:29.905 [main] INFO  academy.HomePageTest - kusum23@gmail.comisNon-Rsetricted user
23:51:32.194 [main] INFO  academy.ValidateNavigationBarTest - driver is initialized
23:51:35.640 [main] INFO  academy.ValidateNavigationBarTest - base url is reached
23:51:43.003 [main] INFO  academy.ValidateNavigationBarTest - navigation bar is displayed
00:01:14.479 [main] INFO  academy.ValidateTittleTest - driver is initialized
00:01:19.821 [main] INFO  academy.ValidateTittleTest - base url is reached
00:01:29.584 [main] INFO  academy.HomePageTest - driver is initialized
00:01:33.355 [main] INFO  academy.HomePageTest - base url is reached
00:01:42.344 [main] INFO  academy.HomePageTest - lucky22@gmail.comisRestricted user
00:01:44.411 [main] INFO  academy.HomePageTest - driver is initialized
00:01:49.006 [main] INFO  academy.HomePageTest - base url is reached
00:01:56.841 [main] INFO  academy.HomePageTest - kusum23@gmail.comisNon-Rsetricted user
00:01:58.933 [main] INFO  academy.ValidateNavigationBarTest - driver is initialized
00:02:02.249 [main] INFO  academy.ValidateNavigationBarTest - base url is reached
00:02:09.823 [main] INFO  academy.ValidateNavigationBarTest - navigation bar is displayed
17:57:41.736 [TestNG-tests-1] INFO  academy.ValidateTittleTest - driver is initialized
17:57:42.207 [TestNG-tests-4] INFO  academy.ValidateNavigationBarTest - driver is initialized
17:57:42.481 [TestNG-tests-2] INFO  academy.HomePageTest - driver is initialized
17:57:49.266 [TestNG-tests-4] INFO  academy.ValidateNavigationBarTest - base url is reached
17:57:49.359 [TestNG-tests-2] INFO  academy.HomePageTest - base url is reached
17:57:49.554 [TestNG-tests-1] INFO  academy.ValidateTittleTest - base url is reached
17:57:58.982 [TestNG-tests-4] INFO  academy.ValidateNavigationBarTest - navigation bar is displayed
17:58:01.631 [TestNG-tests-2] INFO  academy.HomePageTest - lucky22@gmail.comisRestricted user
17:58:04.226 [TestNG-tests-2] INFO  academy.HomePageTest - driver is initialized
17:58:07.634 [TestNG-tests-2] INFO  academy.HomePageTest - base url is reached
17:58:17.497 [TestNG-tests-2] INFO  academy.HomePageTest - kusum23@gmail.comisNon-Rsetricted user
23:21:15.040 [TestNG-tests-2] INFO  academy.HomePageTest - driver is initialized
23:21:15.217 [TestNG-tests-1] INFO  academy.ValidateTittleTest - driver is initialized
23:21:15.231 [TestNG-tests-4] INFO  academy.ValidateNavigationBarTest - driver is initialized
23:21:26.760 [TestNG-tests-4] INFO  academy.ValidateNavigationBarTest - base url is reached
23:21:27.040 [TestNG-tests-1] INFO  academy.ValidateTittleTest - base url is reached
23:21:30.327 [TestNG-tests-2] INFO  academy.HomePageTest - base url is reached
